<?xml version="1.0" encoding="UTF-8"?>
<testsuite xmlns:xsi="http://www.w3.org/2001/XMLSchema-instance" xsi:noNamespaceSchemaLocation="https://maven.apache.org/surefire/maven-surefire-plugin/xsd/surefire-test-report-3.0.xsd" version="3.0" name="com.oddsapiio.backend.OddsApiIoBackendApplicationTests" time="2.208" tests="1" errors="0" skipped="0" failures="0">
  <properties>
[...]
</properties>
  <testcase name="contextLoads" classname="com.oddsapiio.backend.OddsApiIoBackendApplicationTests" time="0.779">
    <system-out><![CDATA[02:53:37.385 [main] INFO org.springframework.test.context.support.AnnotationConfigContextLoaderUtils -- Could not detect default configuration classes for test class [com.oddsapiio.backend.OddsApiIoBackendApplicationTests]: OddsApiIoBackendApplicationTests does not declare any static, non-private, non-final, nested classes annotated with @Configuration.
02:53:37.456 [main] INFO org.springframework.boot.test.context.SpringBootTestContextBootstrapper -- Found @SpringBootConfiguration com.oddsapiio.backend.OddsApiIoBackendApplication for test class com.oddsapiio.backend.OddsApiIoBackendApplicationTests

  .   ____          _            __ _ _
 /\\ / ___'_ __ _ _(_)_ __  __ _ \ \ \ \
( ( )\___ | '_ | '_| | '_ \/ _` | \ \ \ \
 \\/  ___)| |_)| | | | | || (_| |  ) ) ) )
  '  |____| .__|_| |_|_| |_\__, | / / / /
 =========|_|==============|___/=/_/_/_/

 :: Spring Boot ::                (v3.3.4)

2026-04-07T02:53:37.723Z  INFO 4655 --- [OddsApiIoBackend] [           main] c.o.b.OddsApiIoBackendApplicationTests   : Starting OddsApiIoBackendApplicationTests using Java 21.0.10 with PID 4655 (started by root in /home/user/OddsApiIoBackend)
2026-04-07T02:53:37.724Z  INFO 4655 --- [OddsApiIoBackend] [           main] c.o.b.OddsApiIoBackendApplicationTests   : No active profile set, falling back to 1 default profile: "default"
2026-04-07T02:53:38.671Z  INFO 4655 --- [OddsApiIoBackend] [           main] c.o.b.OddsApiIoBackendApplicationTests   : Started OddsApiIoBackendApplicationTests in 1.116 seconds (process running for 1.756)
]]></system-out>
    <system-err><![CDATA[WARNING: A Java agent has been loaded dynamically (/root/.m2/repository/net/bytebuddy/byte-buddy-agent/1.14.19/byte-buddy-agent-1.14.19.jar)
WARNING: If a serviceability tool is in use, please run with -XX:+EnableDynamicAgentLoading to hide this warning
WARNING: If a serviceability tool is not in use, please run with -Djdk.instrument.traceUsage for more information
WARNING: Dynamic loading of agents will be disallowed by default in a future release
]]></system-err>
  </testcase>
</testsuite>